Build started 2015-10-10 8:20:24 PM.
     1>Project "C:\Users\Chili Pepper\Documents\Visual Studio 2015\Projects\Project_0\Project_0\Project_0.vcxproj" on node 2 (Build target(s)).
     1>ClCompile:
         C:\Program Files (x86)\Microsoft Visual Studio 14.0\VC\bin\CL.exe /c /ZI /nologo /W3 /WX- /Od /Oy- /D WIN32 /D _DEBUG /D _CONSOLE /D _UNICODE /D UNICODE /Gm /EHsc /RTC1 /MDd /GS /fp:precise /Zc:wchar_t /Zc:forScope /Zc:inline /Fo"Debug\\" /Fd"Debug\vc140.pdb" /Gd /TP /analyze- /errorReport:prompt ut_sorted_vector_tests.cpp
         ut_sorted_vector_tests.cpp
     1>c:\users\chili pepper\documents\visual studio 2015\projects\project_0\project_0\ut_sorted_vector_tests.cpp(150): warning C4018: '<': signed/unsigned mismatch
     1>c:\users\chili pepper\documents\visual studio 2015\projects\project_0\project_0\ut_sorted_vector_tests.cpp(207): warning C4305: 'initializing': truncation from 'double' to 'float'
     1>c:\users\chili pepper\documents\visual studio 2015\projects\project_0\project_0\ut_sorted_vector_tests.cpp(420): warning C4244: 'argument': conversion from '__int64' to 'const long', possible loss of data
     1>c:\program files (x86)\microsoft visual studio 14.0\vc\include\xutility(2230): warning C4996: 'std::_Copy_impl': Function call with parameters that may be unsafe - this call relies on the caller to check that the passed values are correct. To disable this warning, use -D_SCL_SECURE_NO_WARNINGS. See documentation on how to use Visual C++ 'Checked Iterators'
         c:\program files (x86)\microsoft visual studio 14.0\vc\include\xutility(2216): note: see declaration of 'std::_Copy_impl'
         c:\users\chili pepper\documents\visual studio 2015\projects\project_0\project_0\sorted_vector.hpp(109): note: see reference to function template instantiation '_OutIt std::copy<int*,int*>(_InIt,_InIt,_OutIt)' being compiled
                 with
                 [
                     _OutIt=int *,
                     _InIt=int *
                 ]
         c:\users\chili pepper\documents\visual studio 2015\projects\project_0\project_0\sorted_vector.hpp(105): note: while compiling class template member function 'sorted_vector<int>::sorted_vector(const sorted_vector<int> &)'
         c:\users\chili pepper\documents\visual studio 2015\projects\project_0\project_0\ut_sorted_vector_tests.cpp(93): note: see reference to function template instantiation 'sorted_vector<int>::sorted_vector(const sorted_vector<int> &)' being compiled
         c:\users\chili pepper\documents\visual studio 2015\projects\project_0\project_0\ut_sorted_vector_tests.cpp(46): note: see reference to class template instantiation 'sorted_vector<int>' being compiled
       Link:
         C:\Program Files (x86)\Microsoft Visual Studio 14.0\VC\bin\link.exe /ERRORREPORT:PROMPT /OUT:"C:\Users\Chili Pepper\Documents\Visual Studio 2015\Projects\Project_0\Debug\Project_0.exe" /INCREMENTAL /NOLOGO kernel32.lib user32.lib gdi32.lib winspool.lib comdlg32.lib advapi32.lib shell32.lib ole32.lib oleaut32.lib uuid.lib odbc32.lib odbccp32.lib /MANIFEST /MANIFESTUAC:"level='asInvoker' uiAccess='false'" /manifest:embed /Debug /PDB:"C:\Users\Chili Pepper\Documents\Visual Studio 2015\Projects\Project_0\Debug\Project_0.pdb" /SUBSYSTEM:CONSOLE /TLBID:1 /DYNAMICBASE /NXCOMPAT /IMPLIB:"C:\Users\Chili Pepper\Documents\Visual Studio 2015\Projects\Project_0\Debug\Project_0.lib" /MACHINE:X86 Debug\ut_sorted_vector_tests.obj
         Project_0.vcxproj -> C:\Users\Chili Pepper\Documents\Visual Studio 2015\Projects\Project_0\Debug\Project_0.exe
     1>Done Building Project "C:\Users\Chili Pepper\Documents\Visual Studio 2015\Projects\Project_0\Project_0\Project_0.vcxproj" (Build target(s)).

Build succeeded.

Time Elapsed 00:00:06.11
